[ 2015-12-31T11:25:12+08:00 ] 127.0.0.1 /new1/index.php/Member/Borrowin/borrowing/
INFO: [ app_begin ] --START--
INFO: Run Behavior\ReadHtmlCacheBehavior [ RunTime:0.001000s ]
INFO: [ app_begin ] --END-- [ RunTime:0.002000s ]
NOTIC: [8] unserialize(): Error at offset 0 of 638 bytes D:\Program Files\phpstudy\WWW\new1\ThinkPHP\Common\functions.php 第 1148 行.
SQL: SHOW COLUMNS FROM `lzh_hetong` [ RunTime:0.0030s ]
SQL: SELECT `name`,`dizhi`,`tel` FROM `lzh_hetong` LIMIT 1   [ RunTime:0.0010s ]
NOTIC: [2] Missing argument 1 for get_bconf_setting(), called in D:\Program Files\phpstudy\WWW\new1\Application\Member\Controller\MCommonController.class.php on line 25 and defined D:\Program Files\phpstudy\WWW\new1\Application\Common\Common\DataSource.php 第 260 行.
SQL: SHOW COLUMNS FROM `lzh_inner_msg` [ RunTime:0.0020s ]
SQL: SELECT COUNT(id) AS tp_count FROM `lzh_inner_msg` WHERE ( uid=294 AND status=0 ) LIMIT 1   [ RunTime:0.0010s ]
NOTIC: [8] Undefined index: start_time2 D:\Program Files\phpstudy\WWW\new1\Application\Member\Controller\BorrowinController.class.php 第 24 行.
SQL: SHOW COLUMNS FROM `lzh_borrow_info` [ RunTime:0.0030s ]
SQL: SELECT COUNT(id) AS tp_count FROM `lzh_borrow_info` WHERE `borrow_uid` = 294 AND `borrow_status` IN ('0','2') LIMIT 1   [ RunTime:0.0010s ]
NOTIC: [8] Undefined index: fragment D:\Program Files\phpstudy\WWW\new1\ThinkPHP\Library\Org\Util\Page.class.php 第 82 行.
SQL: SHOW COLUMNS FROM `lzh_investor_detail` [ RunTime:0.0030s ]
SQL: SELECT Borrow.id AS id,Borrow.borrow_name AS borrow_name,Borrow.borrow_uid AS borrow_uid,Borrow.borrow_duration AS borrow_duration,Borrow.borrow_money AS borrow_money,Borrow.borrow_interest AS borrow_interest,Borrow.borrow_interest_rate AS borrow_interest_rate,Borrow.borrow_fee AS borrow_fee,Borrow.has_borrow AS has_borrow,Borrow.borrow_times AS borrow_times,Borrow.repayment_money AS repayment_money,Borrow.repayment_interest AS repayment_interest,Borrow.expired_money AS expired_money,Borrow.repayment_type AS repayment_type,Borrow.borrow_type AS borrow_type,Borrow.borrow_status AS borrow_status,Borrow.borrow_use AS borrow_use,Borrow.add_time AS add_time,Borrow.collect_day AS collect_day,Borrow.collect_time AS collect_time,Borrow.full_time AS full_time,Borrow.deadline AS deadline,Borrow.first_verify_time AS first_verify_time,Borrow.second_verify_time AS second_verify_time,Borrow.add_ip AS add_ip,Borrow.borrow_info AS borrow_info,Borrow.total AS total,Borrow.has_pay AS has_pay,Borrow.substitute_money AS substitute_money,Borrow.reward_vouch_rate AS reward_vouch_rate,Borrow.reward_vouch_money AS reward_vouch_money,Borrow.reward_type AS reward_type,Borrow.reward_num AS reward_num,Borrow.reward_money AS reward_money,Borrow.borrow_min AS borrow_min,Borrow.borrow_max AS borrow_max,Borrow.province AS province,Borrow.city AS city,Borrow.area AS area,Borrow.vouch_member AS vouch_member,Borrow.has_vouch AS has_vouch,Borrow.password AS password,Borrow.is_tuijian AS is_tuijian,Borrow.can_auto AS can_auto,Borrow.is_huinong AS is_huinong,Borrow.updata AS updata,InvestorDetail.status AS status,InvestorDetail.deadline AS times FROM lzh_borrow_info Borrow LEFT JOIN lzh_investor_detail InvestorDetail ON InvestorDetail.borrow_id=Borrow.id WHERE Borrow.borrow_uid = '294' AND Borrow.borrow_status IN ('0','2') GROUP BY Borrow.id ORDER BY InvestorDetail.deadline ASC LIMIT 0,10   [ RunTime:0.0010s ]
NOTIC: [8] Undefined variable: search D:\Program Files\phpstudy\WWW\new1\Application\Member\Controller\BorrowinController.class.php 第 36 行.
INFO: [ view_parse ] --START--
INFO: [ template_filter ] --START--
INFO: Run Behavior\ContentReplaceBehavior [ RunTime:0.000000s ]
INFO: [ template_filter ] --END-- [ RunTime:0.000000s ]
INFO: Run Behavior\ParseTemplateBehavior [ RunTime:0.032002s ]
INFO: [ view_parse ] --END-- [ RunTime:0.032002s ]
INFO: [ view_filter ] --START--
INFO: Run Behavior\WriteHtmlCacheBehavior [ RunTime:0.000000s ]
INFO: [ view_filter ] --END-- [ RunTime:0.001000s ]

[ 2015-12-31T11:25:13+08:00 ] 127.0.0.1 /new1/index.php/Member/Borrowin/borrowpaying/
INFO: [ app_begin ] --START--
INFO: Run Behavior\ReadHtmlCacheBehavior [ RunTime:0.001000s ]
INFO: [ app_begin ] --END-- [ RunTime:0.002000s ]
NOTIC: [8] unserialize(): Error at offset 0 of 638 bytes D:\Program Files\phpstudy\WWW\new1\ThinkPHP\Common\functions.php 第 1148 行.
SQL: SHOW COLUMNS FROM `lzh_hetong` [ RunTime:0.0020s ]
SQL: SELECT `name`,`dizhi`,`tel` FROM `lzh_hetong` LIMIT 1   [ RunTime:0.0000s ]
NOTIC: [2] Missing argument 1 for get_bconf_setting(), called in D:\Program Files\phpstudy\WWW\new1\Application\Member\Controller\MCommonController.class.php on line 25 and defined D:\Program Files\phpstudy\WWW\new1\Application\Common\Common\DataSource.php 第 260 行.
SQL: SHOW COLUMNS FROM `lzh_inner_msg` [ RunTime:0.0020s ]
SQL: SELECT COUNT(id) AS tp_count FROM `lzh_inner_msg` WHERE ( uid=294 AND status=0 ) LIMIT 1   [ RunTime:0.0010s ]
NOTIC: [8] Undefined index: start_time D:\Program Files\phpstudy\WWW\new1\Application\Member\Controller\BorrowinController.class.php 第 49 行.
SQL: SHOW COLUMNS FROM `lzh_borrow_info` [ RunTime:0.0030s ]
SQL: SELECT COUNT(id) AS tp_count FROM `lzh_borrow_info` WHERE `borrow_uid` = 294 AND `borrow_status` = 6 LIMIT 1   [ RunTime:0.0010s ]
SQL: SHOW COLUMNS FROM `lzh_investor_detail` [ RunTime:0.0020s ]
SQL: SELECT Borrow.id AS id,Borrow.borrow_name AS borrow_name,Borrow.borrow_uid AS borrow_uid,Borrow.borrow_duration AS borrow_duration,Borrow.borrow_money AS borrow_money,Borrow.borrow_interest AS borrow_interest,Borrow.borrow_interest_rate AS borrow_interest_rate,Borrow.borrow_fee AS borrow_fee,Borrow.has_borrow AS has_borrow,Borrow.borrow_times AS borrow_times,Borrow.repayment_money AS repayment_money,Borrow.repayment_interest AS repayment_interest,Borrow.expired_money AS expired_money,Borrow.repayment_type AS repayment_type,Borrow.borrow_type AS borrow_type,Borrow.borrow_status AS borrow_status,Borrow.borrow_use AS borrow_use,Borrow.add_time AS add_time,Borrow.collect_day AS collect_day,Borrow.collect_time AS collect_time,Borrow.full_time AS full_time,Borrow.deadline AS deadline,Borrow.first_verify_time AS first_verify_time,Borrow.second_verify_time AS second_verify_time,Borrow.add_ip AS add_ip,Borrow.borrow_info AS borrow_info,Borrow.total AS total,Borrow.has_pay AS has_pay,Borrow.substitute_money AS substitute_money,Borrow.reward_vouch_rate AS reward_vouch_rate,Borrow.reward_vouch_money AS reward_vouch_money,Borrow.reward_type AS reward_type,Borrow.reward_num AS reward_num,Borrow.reward_money AS reward_money,Borrow.borrow_min AS borrow_min,Borrow.borrow_max AS borrow_max,Borrow.province AS province,Borrow.city AS city,Borrow.area AS area,Borrow.vouch_member AS vouch_member,Borrow.has_vouch AS has_vouch,Borrow.password AS password,Borrow.is_tuijian AS is_tuijian,Borrow.can_auto AS can_auto,Borrow.is_huinong AS is_huinong,Borrow.updata AS updata,InvestorDetail.status AS status,InvestorDetail.deadline AS times FROM lzh_borrow_info Borrow LEFT JOIN lzh_investor_detail InvestorDetail ON InvestorDetail.borrow_id=Borrow.id WHERE Borrow.borrow_uid = '294' AND Borrow.borrow_status = 6 AND InvestorDetail.status = 7 GROUP BY Borrow.id ORDER BY InvestorDetail.deadline ASC LIMIT 0,10   [ RunTime:0.0010s ]
NOTIC: [8] Undefined variable: search D:\Program Files\phpstudy\WWW\new1\Application\Member\Controller\BorrowinController.class.php 第 61 行.
INFO: [ view_parse ] --START--
INFO: [ template_filter ] --START--
INFO: Run Behavior\ContentReplaceBehavior [ RunTime:0.000000s ]
INFO: [ template_filter ] --END-- [ RunTime:0.000000s ]
INFO: Run Behavior\ParseTemplateBehavior [ RunTime:0.070004s ]
INFO: [ view_parse ] --END-- [ RunTime:0.070004s ]
INFO: [ view_filter ] --START--
INFO: Run Behavior\WriteHtmlCacheBehavior [ RunTime:0.001000s ]
INFO: [ view_filter ] --END-- [ RunTime:0.002001s ]

[ 2015-12-31T11:25:14+08:00 ] 127.0.0.1 /new1/index.php/Member/Borrowin/borrowbreak/
INFO: [ app_begin ] --START--
INFO: Run Behavior\ReadHtmlCacheBehavior [ RunTime:0.001000s ]
INFO: [ app_begin ] --END-- [ RunTime:0.002000s ]
NOTIC: [8] unserialize(): Error at offset 0 of 638 bytes D:\Program Files\phpstudy\WWW\new1\ThinkPHP\Common\functions.php 第 1148 行.
SQL: SHOW COLUMNS FROM `lzh_hetong` [ RunTime:0.0030s ]
SQL: SELECT `name`,`dizhi`,`tel` FROM `lzh_hetong` LIMIT 1   [ RunTime:0.0000s ]
NOTIC: [2] Missing argument 1 for get_bconf_setting(), called in D:\Program Files\phpstudy\WWW\new1\Application\Member\Controller\MCommonController.class.php on line 25 and defined D:\Program Files\phpstudy\WWW\new1\Application\Common\Common\DataSource.php 第 260 行.
SQL: SHOW COLUMNS FROM `lzh_inner_msg` [ RunTime:0.0020s ]
SQL: SELECT COUNT(id) AS tp_count FROM `lzh_inner_msg` WHERE ( uid=294 AND status=0 ) LIMIT 1   [ RunTime:0.0000s ]
NOTIC: [8] Undefined index: start_time1 D:\Program Files\phpstudy\WWW\new1\Application\Member\Controller\BorrowinController.class.php 第 73 行.
SQL: select d.id as count from lzh_investor_detail d where d.borrow_id in(select tb.id from lzh_borrow_info tb where tb.borrow_uid=294 AND tb.borrow_status in(6,9)) AND d.deadline<1451532314 AND d.repayment_time=0  group by d.sort_order,d.borrow_id [ RunTime:0.0010s ]
SQL: select b.borrow_name,d.status,d.total,d.borrow_id,d.sort_order,sum(d.capital) as capital,sum(d.interest) as interest,d.deadline from lzh_investor_detail d left join lzh_borrow_info b ON b.id=d.borrow_id where d.borrow_uid =294 AND b.borrow_status in(6,9) AND d.deadline<1451532314 AND d.repayment_time=0  group by d.sort_order,d.borrow_id order by  d.borrow_id,d.sort_order limit 0,10 [ RunTime:0.0010s ]
NOTIC: [8] Undefined variable: search D:\Program Files\phpstudy\WWW\new1\Application\Member\Controller\BorrowinController.class.php 第 87 行.
INFO: [ view_parse ] --START--
INFO: [ template_filter ] --START--
INFO: Run Behavior\ContentReplaceBehavior [ RunTime:0.000000s ]
INFO: [ template_filter ] --END-- [ RunTime:0.001000s ]
INFO: Run Behavior\ParseTemplateBehavior [ RunTime:0.029002s ]
INFO: [ view_parse ] --END-- [ RunTime:0.029002s ]
INFO: [ view_filter ] --START--
INFO: Run Behavior\WriteHtmlCacheBehavior [ RunTime:0.000000s ]
INFO: [ view_filter ] --END-- [ RunTime:0.002000s ]

[ 2015-12-31T11:25:15+08:00 ] 127.0.0.1 /new1/index.php/Member/Borrowin/borrowfail/
INFO: [ app_begin ] --START--
INFO: Run Behavior\ReadHtmlCacheBehavior [ RunTime:0.001000s ]
INFO: [ app_begin ] --END-- [ RunTime:0.002000s ]
NOTIC: [8] unserialize(): Error at offset 0 of 638 bytes D:\Program Files\phpstudy\WWW\new1\ThinkPHP\Common\functions.php 第 1148 行.
SQL: SHOW COLUMNS FROM `lzh_hetong` [ RunTime:0.0020s ]
SQL: SELECT `name`,`dizhi`,`tel` FROM `lzh_hetong` LIMIT 1   [ RunTime:0.0000s ]
NOTIC: [2] Missing argument 1 for get_bconf_setting(), called in D:\Program Files\phpstudy\WWW\new1\Application\Member\Controller\MCommonController.class.php on line 25 and defined D:\Program Files\phpstudy\WWW\new1\Application\Common\Common\DataSource.php 第 260 行.
SQL: SHOW COLUMNS FROM `lzh_inner_msg` [ RunTime:0.0020s ]
SQL: SELECT COUNT(id) AS tp_count FROM `lzh_inner_msg` WHERE ( uid=294 AND status=0 ) LIMIT 1   [ RunTime:0.0010s ]
NOTIC: [8] Undefined index: start_time4 D:\Program Files\phpstudy\WWW\new1\Application\Member\Controller\BorrowinController.class.php 第 99 行.
SQL: SHOW COLUMNS FROM `lzh_borrow_info` [ RunTime:0.0030s ]
SQL: SELECT COUNT(id) AS tp_count FROM `lzh_borrow_info` WHERE `borrow_uid` = 294 AND `borrow_status` IN ('1','3','5') LIMIT 1   [ RunTime:0.0010s ]
NOTIC: [8] Undefined index: fragment D:\Program Files\phpstudy\WWW\new1\ThinkPHP\Library\Org\Util\Page.class.php 第 82 行.
SQL: SHOW COLUMNS FROM `lzh_investor_detail` [ RunTime:0.0030s ]
SQL: SELECT Borrow.id AS id,Borrow.borrow_name AS borrow_name,Borrow.borrow_uid AS borrow_uid,Borrow.borrow_duration AS borrow_duration,Borrow.borrow_money AS borrow_money,Borrow.borrow_interest AS borrow_interest,Borrow.borrow_interest_rate AS borrow_interest_rate,Borrow.borrow_fee AS borrow_fee,Borrow.has_borrow AS has_borrow,Borrow.borrow_times AS borrow_times,Borrow.repayment_money AS repayment_money,Borrow.repayment_interest AS repayment_interest,Borrow.expired_money AS expired_money,Borrow.repayment_type AS repayment_type,Borrow.borrow_type AS borrow_type,Borrow.borrow_status AS borrow_status,Borrow.borrow_use AS borrow_use,Borrow.add_time AS add_time,Borrow.collect_day AS collect_day,Borrow.collect_time AS collect_time,Borrow.full_time AS full_time,Borrow.deadline AS deadline,Borrow.first_verify_time AS first_verify_time,Borrow.second_verify_time AS second_verify_time,Borrow.add_ip AS add_ip,Borrow.borrow_info AS borrow_info,Borrow.total AS total,Borrow.has_pay AS has_pay,Borrow.substitute_money AS substitute_money,Borrow.reward_vouch_rate AS reward_vouch_rate,Borrow.reward_vouch_money AS reward_vouch_money,Borrow.reward_type AS reward_type,Borrow.reward_num AS reward_num,Borrow.reward_money AS reward_money,Borrow.borrow_min AS borrow_min,Borrow.borrow_max AS borrow_max,Borrow.province AS province,Borrow.city AS city,Borrow.area AS area,Borrow.vouch_member AS vouch_member,Borrow.has_vouch AS has_vouch,Borrow.password AS password,Borrow.is_tuijian AS is_tuijian,Borrow.can_auto AS can_auto,Borrow.is_huinong AS is_huinong,Borrow.updata AS updata,InvestorDetail.status AS status,InvestorDetail.deadline AS times FROM lzh_borrow_info Borrow LEFT JOIN lzh_investor_detail InvestorDetail ON InvestorDetail.borrow_id=Borrow.id WHERE Borrow.borrow_uid = '294' AND Borrow.borrow_status IN ('1','3','5') GROUP BY Borrow.id ORDER BY InvestorDetail.deadline ASC LIMIT 0,10   [ RunTime:0.0010s ]
NOTIC: [8] Undefined variable: search D:\Program Files\phpstudy\WWW\new1\Application\Member\Controller\BorrowinController.class.php 第 111 行.
INFO: [ view_parse ] --START--
INFO: [ template_filter ] --START--
INFO: Run Behavior\ContentReplaceBehavior [ RunTime:0.000000s ]
INFO: [ template_filter ] --END-- [ RunTime:0.001001s ]
INFO: Run Behavior\ParseTemplateBehavior [ RunTime:0.023002s ]
INFO: [ view_parse ] --END-- [ RunTime:0.024002s ]
INFO: [ view_filter ] --START--
INFO: Run Behavior\WriteHtmlCacheBehavior [ RunTime:0.001000s ]
INFO: [ view_filter ] --END-- [ RunTime:0.001000s ]

[ 2015-12-31T11:25:15+08:00 ] 127.0.0.1 /new1/index.php/Member/Borrowin/borrowdone/
INFO: [ app_begin ] --START--
INFO: Run Behavior\ReadHtmlCacheBehavior [ RunTime:0.001000s ]
INFO: [ app_begin ] --END-- [ RunTime:0.002000s ]
NOTIC: [8] unserialize(): Error at offset 0 of 638 bytes D:\Program Files\phpstudy\WWW\new1\ThinkPHP\Common\functions.php 第 1148 行.
SQL: SHOW COLUMNS FROM `lzh_hetong` [ RunTime:0.0030s ]
SQL: SELECT `name`,`dizhi`,`tel` FROM `lzh_hetong` LIMIT 1   [ RunTime:0.0000s ]
NOTIC: [2] Missing argument 1 for get_bconf_setting(), called in D:\Program Files\phpstudy\WWW\new1\Application\Member\Controller\MCommonController.class.php on line 25 and defined D:\Program Files\phpstudy\WWW\new1\Application\Common\Common\DataSource.php 第 260 行.
SQL: SHOW COLUMNS FROM `lzh_inner_msg` [ RunTime:0.0030s ]
SQL: SELECT COUNT(id) AS tp_count FROM `lzh_inner_msg` WHERE ( uid=294 AND status=0 ) LIMIT 1   [ RunTime:0.0000s ]
NOTIC: [8] Undefined index: start_time8 D:\Program Files\phpstudy\WWW\new1\Application\Member\Controller\BorrowinController.class.php 第 177 行.
SQL: SHOW COLUMNS FROM `lzh_borrow_info` [ RunTime:0.0040s ]
SQL: SELECT COUNT(id) AS tp_count FROM `lzh_borrow_info` WHERE `borrow_uid` = 294 AND `borrow_status` = 7 LIMIT 1   [ RunTime:0.0000s ]
SQL: SHOW COLUMNS FROM `lzh_investor_detail` [ RunTime:0.0030s ]
SQL: SELECT Borrow.id AS id,Borrow.borrow_name AS borrow_name,Borrow.borrow_uid AS borrow_uid,Borrow.borrow_duration AS borrow_duration,Borrow.borrow_money AS borrow_money,Borrow.borrow_interest AS borrow_interest,Borrow.borrow_interest_rate AS borrow_interest_rate,Borrow.borrow_fee AS borrow_fee,Borrow.has_borrow AS has_borrow,Borrow.borrow_times AS borrow_times,Borrow.repayment_money AS repayment_money,Borrow.repayment_interest AS repayment_interest,Borrow.expired_money AS expired_money,Borrow.repayment_type AS repayment_type,Borrow.borrow_type AS borrow_type,Borrow.borrow_status AS borrow_status,Borrow.borrow_use AS borrow_use,Borrow.add_time AS add_time,Borrow.collect_day AS collect_day,Borrow.collect_time AS collect_time,Borrow.full_time AS full_time,Borrow.deadline AS deadline,Borrow.first_verify_time AS first_verify_time,Borrow.second_verify_time AS second_verify_time,Borrow.add_ip AS add_ip,Borrow.borrow_info AS borrow_info,Borrow.total AS total,Borrow.has_pay AS has_pay,Borrow.substitute_money AS substitute_money,Borrow.reward_vouch_rate AS reward_vouch_rate,Borrow.reward_vouch_money AS reward_vouch_money,Borrow.reward_type AS reward_type,Borrow.reward_num AS reward_num,Borrow.reward_money AS reward_money,Borrow.borrow_min AS borrow_min,Borrow.borrow_max AS borrow_max,Borrow.province AS province,Borrow.city AS city,Borrow.area AS area,Borrow.vouch_member AS vouch_member,Borrow.has_vouch AS has_vouch,Borrow.password AS password,Borrow.is_tuijian AS is_tuijian,Borrow.can_auto AS can_auto,Borrow.is_huinong AS is_huinong,Borrow.updata AS updata,InvestorDetail.status AS status,InvestorDetail.deadline AS times FROM lzh_borrow_info Borrow LEFT JOIN lzh_investor_detail InvestorDetail ON InvestorDetail.borrow_id=Borrow.id WHERE Borrow.borrow_uid = '294' AND Borrow.borrow_status = 7 GROUP BY Borrow.id ORDER BY InvestorDetail.deadline ASC LIMIT 0,10   [ RunTime:0.0010s ]
NOTIC: [8] Undefined variable: search D:\Program Files\phpstudy\WWW\new1\Application\Member\Controller\BorrowinController.class.php 第 190 行.
INFO: [ view_parse ] --START--
INFO: [ template_filter ] --START--
INFO: Run Behavior\ContentReplaceBehavior [ RunTime:0.001000s ]
INFO: [ template_filter ] --END-- [ RunTime:0.001000s ]
INFO: Run Behavior\ParseTemplateBehavior [ RunTime:0.026002s ]
INFO: [ view_parse ] --END-- [ RunTime:0.027002s ]
INFO: [ view_filter ] --START--
INFO: Run Behavior\WriteHtmlCacheBehavior [ RunTime:0.001000s ]
INFO: [ view_filter ] --END-- [ RunTime:0.001000s ]

[ 2015-12-31T14:02:38+08:00 ] 127.0.0.1 /new1/index.php/Member/Common/actlogin/
INFO: [ app_begin ] --START--
INFO: Run Behavior\ReadHtmlCacheBehavior [ RunTime:0.001000s ]
INFO: [ app_begin ] --END-- [ RunTime:0.002000s ]
NOTIC: [8] unserialize(): Error at offset 0 of 638 bytes D:\Program Files\phpstudy\WWW\new1\ThinkPHP\Common\functions.php 第 1148 行.
SQL: SHOW COLUMNS FROM `lzh_hetong` [ RunTime:0.0040s ]
SQL: SELECT `name`,`dizhi`,`tel` FROM `lzh_hetong` LIMIT 1   [ RunTime:0.0000s ]
NOTIC: [2] Missing argument 1 for get_bconf_setting(), called in D:\Program Files\phpstudy\WWW\new1\Application\Member\Controller\MCommonController.class.php on line 25 and defined D:\Program Files\phpstudy\WWW\new1\Application\Common\Common\DataSource.php 第 260 行.
SQL: SHOW COLUMNS FROM `lzh_members` [ RunTime:0.0040s ]
SQL: SELECT `id`,`user_name`,`user_email`,`user_pass`,`is_ban` FROM `lzh_members` WHERE `user_name` = 'test' LIMIT 1   [ RunTime:0.0000s ]
SQL: SELECT `id`,`user_name` FROM `lzh_members` WHERE `id` = 295 LIMIT 1   [ RunTime:0.0010s ]
SQL: SHOW COLUMNS FROM `lzh_member_login` [ RunTime:0.0190s ]
SQL: INSERT INTO `lzh_member_login` (`uid`,`add_time`,`ip`) VALUES ('295','1451541758','127.0.0.1') [ RunTime:0.0090s ]
NOTIC: [8] Undefined index: Keep D:\Program Files\phpstudy\WWW\new1\Application\Member\Controller\MCommonController.class.php 第 131 行.

[ 2015-12-31T14:02:44+08:00 ] 127.0.0.1 /new1/index.php/Member/Verify/email/
INFO: [ app_begin ] --START--
INFO: Run Behavior\ReadHtmlCacheBehavior [ RunTime:0.000000s ]
INFO: [ app_begin ] --END-- [ RunTime:0.002000s ]
NOTIC: [8] unserialize(): Error at offset 0 of 638 bytes D:\Program Files\phpstudy\WWW\new1\ThinkPHP\Common\functions.php 第 1148 行.
SQL: SHOW COLUMNS FROM `lzh_hetong` [ RunTime:0.0030s ]
SQL: SELECT `name`,`dizhi`,`tel` FROM `lzh_hetong` LIMIT 1   [ RunTime:0.0000s ]
NOTIC: [2] Missing argument 1 for get_bconf_setting(), called in D:\Program Files\phpstudy\WWW\new1\Application\Member\Controller\MCommonController.class.php on line 25 and defined D:\Program Files\phpstudy\WWW\new1\Application\Common\Common\DataSource.php 第 260 行.
SQL: SHOW COLUMNS FROM `lzh_inner_msg` [ RunTime:0.0020s ]
SQL: SELECT COUNT(id) AS tp_count FROM `lzh_inner_msg` WHERE ( uid=295 AND status=0 ) LIMIT 1   [ RunTime:0.0000s ]
SQL: SHOW COLUMNS FROM `lzh_members` [ RunTime:0.0030s ]
SQL: SELECT `user_email` FROM `lzh_members` WHERE `id` = 295 LIMIT 1   [ RunTime:0.0010s ]
SQL: SHOW COLUMNS FROM `lzh_members_status` [ RunTime:0.0030s ]
SQL: SELECT `email_status` FROM `lzh_members_status` WHERE `uid` = 295 LIMIT 1   [ RunTime:0.0000s ]
SQL: SELECT `user_email` FROM `lzh_members` WHERE `id` = 295 LIMIT 1   [ RunTime:0.0000s ]
SQL: SHOW COLUMNS FROM `lzh_member_safequestion` [ RunTime:0.0160s ]
SQL: SELECT * FROM `lzh_member_safequestion` WHERE `uid` = 295 LIMIT 1   [ RunTime:0.0000s ]
INFO: [ view_parse ] --START--
INFO: [ template_filter ] --START--
INFO: Run Behavior\ContentReplaceBehavior [ RunTime:0.000000s ]
INFO: [ template_filter ] --END-- [ RunTime:0.000000s ]
INFO: Run Behavior\ParseTemplateBehavior [ RunTime:0.025001s ]
INFO: [ view_parse ] --END-- [ RunTime:0.025001s ]
INFO: [ view_filter ] --START--
INFO: Run Behavior\WriteHtmlCacheBehavior [ RunTime:0.001000s ]
INFO: [ view_filter ] --END-- [ RunTime:0.002000s ]

[ 2015-12-31T14:02:45+08:00 ] 127.0.0.1 /new1/index.php/Member/Verify/cellphone/
INFO: [ app_begin ] --START--
INFO: Run Behavior\ReadHtmlCacheBehavior [ RunTime:0.002001s ]
INFO: [ app_begin ] --END-- [ RunTime:0.003001s ]
NOTIC: [8] unserialize(): Error at offset 0 of 638 bytes D:\Program Files\phpstudy\WWW\new1\ThinkPHP\Common\functions.php 第 1148 行.
SQL: SHOW COLUMNS FROM `lzh_hetong` [ RunTime:0.0030s ]
SQL: SELECT `name`,`dizhi`,`tel` FROM `lzh_hetong` LIMIT 1   [ RunTime:0.0010s ]
NOTIC: [2] Missing argument 1 for get_bconf_setting(), called in D:\Program Files\phpstudy\WWW\new1\Application\Member\Controller\MCommonController.class.php on line 25 and defined D:\Program Files\phpstudy\WWW\new1\Application\Common\Common\DataSource.php 第 260 行.
SQL: SHOW COLUMNS FROM `lzh_inner_msg` [ RunTime:0.0040s ]
SQL: SELECT COUNT(id) AS tp_count FROM `lzh_inner_msg` WHERE ( uid=295 AND status=0 ) LIMIT 1   [ RunTime:0.0000s ]
SQL: SHOW COLUMNS FROM `lzh_members_status` [ RunTime:0.0020s ]
SQL: SELECT `phone_status` FROM `lzh_members_status` WHERE `uid` = 295 LIMIT 1   [ RunTime:0.0000s ]
SQL: SHOW COLUMNS FROM `lzh_members` [ RunTime:0.0030s ]
SQL: SELECT `user_phone` FROM `lzh_members` WHERE `id` = 295 LIMIT 1   [ RunTime:0.0000s ]
SQL: SHOW COLUMNS FROM `lzh_member_safequestion` [ RunTime:0.0030s ]
SQL: SELECT * FROM `lzh_member_safequestion` WHERE `uid` = 295 LIMIT 1   [ RunTime:0.0000s ]
INFO: [ view_parse ] --START--
INFO: [ template_filter ] --START--
INFO: Run Behavior\ContentReplaceBehavior [ RunTime:0.000000s ]
INFO: [ template_filter ] --END-- [ RunTime:0.001000s ]
INFO: Run Behavior\ParseTemplateBehavior [ RunTime:0.030002s ]
INFO: [ view_parse ] --END-- [ RunTime:0.031002s ]
INFO: [ view_filter ] --START--
INFO: Run Behavior\WriteHtmlCacheBehavior [ RunTime:0.001000s ]
INFO: [ view_filter ] --END-- [ RunTime:0.001000s ]

[ 2015-12-31T14:02:46+08:00 ] 127.0.0.1 /new1/index.php/Member/Verify/idcard/
INFO: [ app_begin ] --START--
INFO: Run Behavior\ReadHtmlCacheBehavior [ RunTime:0.002000s ]
INFO: [ app_begin ] --END-- [ RunTime:0.003000s ]
NOTIC: [8] unserialize(): Error at offset 0 of 638 bytes D:\Program Files\phpstudy\WWW\new1\ThinkPHP\Common\functions.php 第 1148 行.
SQL: SHOW COLUMNS FROM `lzh_hetong` [ RunTime:0.0050s ]
SQL: SELECT `name`,`dizhi`,`tel` FROM `lzh_hetong` LIMIT 1   [ RunTime:0.0010s ]
NOTIC: [2] Missing argument 1 for get_bconf_setting(), called in D:\Program Files\phpstudy\WWW\new1\Application\Member\Controller\MCommonController.class.php on line 25 and defined D:\Program Files\phpstudy\WWW\new1\Application\Common\Common\DataSource.php 第 260 行.
SQL: SHOW COLUMNS FROM `lzh_inner_msg` [ RunTime:0.0040s ]
SQL: SELECT COUNT(id) AS tp_count FROM `lzh_inner_msg` WHERE ( uid=295 AND status=0 ) LIMIT 1   [ RunTime:0.0010s ]
SQL: SHOW COLUMNS FROM `lzh_members_status` [ RunTime:0.0040s ]
SQL: SELECT `id_status` FROM `lzh_members_status` WHERE `uid` = 295 LIMIT 1   [ RunTime:0.0000s ]
SQL: SHOW COLUMNS FROM `lzh_member_info` [ RunTime:0.0040s ]
SQL: SELECT `idcard`,`real_name` FROM `lzh_member_info` WHERE `uid` = 295 LIMIT 1   [ RunTime:0.0000s ]
INFO: [ view_parse ] --START--
INFO: [ template_filter ] --START--
INFO: Run Behavior\ContentReplaceBehavior [ RunTime:0.000000s ]
INFO: [ template_filter ] --END-- [ RunTime:0.000000s ]
NOTIC: [8] Undefined variable: id_status D:\Program Files\phpstudy\WWW\new1\Application\Runtime\Cache\Member\2affd653811c9ce4f00c2e2c70d4de3e.php 第 1 行.
NOTIC: [8] Undefined variable: id_status D:\Program Files\phpstudy\WWW\new1\Application\Runtime\Cache\Member\2affd653811c9ce4f00c2e2c70d4de3e.php 第 31 行.
INFO: Run Behavior\ParseTemplateBehavior [ RunTime:0.019002s ]
INFO: [ view_parse ] --END-- [ RunTime:0.019002s ]
INFO: [ view_filter ] --START--
INFO: Run Behavior\WriteHtmlCacheBehavior [ RunTime:0.000000s ]
INFO: [ view_filter ] --END-- [ RunTime:0.001000s ]
INFO: [ view_parse ] --START--
INFO: [ template_filter ] --START--
INFO: Run Behavior\ContentReplaceBehavior [ RunTime:0.000000s ]
INFO: [ template_filter ] --END-- [ RunTime:-0.014001s ]
INFO: Run Behavior\ParseTemplateBehavior [ RunTime:0.011000s ]
INFO: [ view_parse ] --END-- [ RunTime:-0.002000s ]
INFO: [ view_filter ] --START--
INFO: Run Behavior\WriteHtmlCacheBehavior [ RunTime:0.000000s ]
INFO: [ view_filter ] --END-- [ RunTime:-0.013000s ]

[ 2015-12-31T14:03:23+08:00 ] 127.0.0.1 /new1/index.php/Member/Common/actlogin/
INFO: [ app_begin ] --START--
INFO: Run Behavior\ReadHtmlCacheBehavior [ RunTime:0.002001s ]
INFO: [ app_begin ] --END-- [ RunTime:0.003001s ]
NOTIC: [8] unserialize(): Error at offset 0 of 638 bytes D:\Program Files\phpstudy\WWW\new1\ThinkPHP\Common\functions.php 第 1148 行.
SQL: SHOW COLUMNS FROM `lzh_hetong` [ RunTime:0.0030s ]
SQL: SELECT `name`,`dizhi`,`tel` FROM `lzh_hetong` LIMIT 1   [ RunTime:0.0010s ]
NOTIC: [2] Missing argument 1 for get_bconf_setting(), called in D:\Program Files\phpstudy\WWW\new1\Application\Member\Controller\MCommonController.class.php on line 25 and defined D:\Program Files\phpstudy\WWW\new1\Application\Common\Common\DataSource.php 第 260 行.
SQL: SHOW COLUMNS FROM `lzh_members` [ RunTime:0.0040s ]
SQL: SELECT `id`,`user_name`,`user_email`,`user_pass`,`is_ban` FROM `lzh_members` WHERE `user_name` = '914330357' LIMIT 1   [ RunTime:0.0010s ]
SQL: SELECT `id`,`user_name` FROM `lzh_members` WHERE `id` = 294 LIMIT 1   [ RunTime:0.0000s ]
SQL: SHOW COLUMNS FROM `lzh_member_login` [ RunTime:0.0030s ]
SQL: INSERT INTO `lzh_member_login` (`uid`,`add_time`,`ip`) VALUES ('294','1451541803','127.0.0.1') [ RunTime:0.0000s ]
NOTIC: [8] Undefined index: Keep D:\Program Files\phpstudy\WWW\new1\Application\Member\Controller\MCommonController.class.php 第 131 行.

[ 2015-12-31T14:03:28+08:00 ] 127.0.0.1 /new1/index.php/Member/Verify/email/
INFO: [ app_begin ] --START--
INFO: Run Behavior\ReadHtmlCacheBehavior [ RunTime:0.001000s ]
INFO: [ app_begin ] --END-- [ RunTime:0.002000s ]
NOTIC: [8] unserialize(): Error at offset 0 of 638 bytes D:\Program Files\phpstudy\WWW\new1\ThinkPHP\Common\functions.php 第 1148 行.
SQL: SHOW COLUMNS FROM `lzh_hetong` [ RunTime:0.0030s ]
SQL: SELECT `name`,`dizhi`,`tel` FROM `lzh_hetong` LIMIT 1   [ RunTime:0.0010s ]
NOTIC: [2] Missing argument 1 for get_bconf_setting(), called in D:\Program Files\phpstudy\WWW\new1\Application\Member\Controller\MCommonController.class.php on line 25 and defined D:\Program Files\phpstudy\WWW\new1\Application\Common\Common\DataSource.php 第 260 行.
SQL: SHOW COLUMNS FROM `lzh_inner_msg` [ RunTime:0.0020s ]
SQL: SELECT COUNT(id) AS tp_count FROM `lzh_inner_msg` WHERE ( uid=294 AND status=0 ) LIMIT 1   [ RunTime:0.0000s ]
SQL: SHOW COLUMNS FROM `lzh_members` [ RunTime:0.0030s ]
SQL: SELECT `user_email` FROM `lzh_members` WHERE `id` = 294 LIMIT 1   [ RunTime:0.0010s ]
SQL: SHOW COLUMNS FROM `lzh_members_status` [ RunTime:0.0030s ]
SQL: SELECT `email_status` FROM `lzh_members_status` WHERE `uid` = 294 LIMIT 1   [ RunTime:0.0000s ]
SQL: SELECT `user_email` FROM `lzh_members` WHERE `id` = 294 LIMIT 1   [ RunTime:0.0010s ]
SQL: SHOW COLUMNS FROM `lzh_member_safequestion` [ RunTime:0.0020s ]
SQL: SELECT * FROM `lzh_member_safequestion` WHERE `uid` = 294 LIMIT 1   [ RunTime:0.0010s ]
INFO: [ view_parse ] --START--
INFO: [ template_filter ] --START--
INFO: Run Behavior\ContentReplaceBehavior [ RunTime:0.000000s ]
INFO: [ template_filter ] --END-- [ RunTime:0.001000s ]
INFO: Run Behavior\ParseTemplateBehavior [ RunTime:0.015001s ]
INFO: [ view_parse ] --END-- [ RunTime:0.016001s ]
INFO: [ view_filter ] --START--
INFO: Run Behavior\WriteHtmlCacheBehavior [ RunTime:0.001000s ]
INFO: [ view_filter ] --END-- [ RunTime:0.001000s ]

[ 2015-12-31T14:03:29+08:00 ] 127.0.0.1 /new1/index.php/Member/Verify/idcard/
INFO: [ app_begin ] --START--
INFO: Run Behavior\ReadHtmlCacheBehavior [ RunTime:0.000000s ]
INFO: [ app_begin ] --END-- [ RunTime:0.002000s ]
NOTIC: [8] unserialize(): Error at offset 0 of 638 bytes D:\Program Files\phpstudy\WWW\new1\ThinkPHP\Common\functions.php 第 1148 行.
SQL: SHOW COLUMNS FROM `lzh_hetong` [ RunTime:0.0030s ]
SQL: SELECT `name`,`dizhi`,`tel` FROM `lzh_hetong` LIMIT 1   [ RunTime:0.0010s ]
NOTIC: [2] Missing argument 1 for get_bconf_setting(), called in D:\Program Files\phpstudy\WWW\new1\Application\Member\Controller\MCommonController.class.php on line 25 and defined D:\Program Files\phpstudy\WWW\new1\Application\Common\Common\DataSource.php 第 260 行.
SQL: SHOW COLUMNS FROM `lzh_inner_msg` [ RunTime:0.0030s ]
SQL: SELECT COUNT(id) AS tp_count FROM `lzh_inner_msg` WHERE ( uid=294 AND status=0 ) LIMIT 1   [ RunTime:0.0000s ]
SQL: SHOW COLUMNS FROM `lzh_members_status` [ RunTime:0.0030s ]
SQL: SELECT `id_status` FROM `lzh_members_status` WHERE `uid` = 294 LIMIT 1   [ RunTime:0.0010s ]
INFO: [ view_parse ] --START--
INFO: [ template_filter ] --START--
INFO: Run Behavior\ContentReplaceBehavior [ RunTime:0.000000s ]
INFO: [ template_filter ] --END-- [ RunTime:0.001000s ]
INFO: Run Behavior\ParseTemplateBehavior [ RunTime:0.018001s ]
INFO: [ view_parse ] --END-- [ RunTime:0.018001s ]
INFO: [ view_filter ] --START--
INFO: Run Behavior\WriteHtmlCacheBehavior [ RunTime:0.001000s ]
INFO: [ view_filter ] --END-- [ RunTime:0.002000s ]

